#
# A fatal error has been detected by the Java Runtime Environment:
#
#  Internal Error (javaClasses.cpp:126), pid=5312, tid=5812
#  fatal error: Invalid layout of preloaded class
#
# JRE version:  (8.0_25-b18) (build )
# Java VM: Java HotSpot(TM) 64-Bit Server VM (25.25-b02 mixed mode windows-amd64 compressed oops)
# Failed to write core dump. Minidumps are not enabled by default on client versions of Windows
#
# If you would like to submit a bug report, please visit:
#   http://bugreport.sun.com/bugreport/crash.jsp
#

---------------  T H R E A D  ---------------

Current thread (0x000000000228e000):  JavaThread "Unknown thread" [_thread_in_vm, id=5812, stack(0x0000000002520000,0x0000000002620000)]

Stack: [0x0000000002520000,0x0000000002620000]
Native frames: (J=compiled Java code, j=interpreted, Vv=VM code, C=native code)
V  [jvm.dll+0x31667a]
V  [jvm.dll+0x267073]
V  [jvm.dll+0x267cb3]
V  [jvm.dll+0x25f536]
V  [jvm.dll+0x5e773]
V  [jvm.dll+0x5e863]
V  [jvm.dll+0x731ca]
V  [jvm.dll+0x73528]
V  [jvm.dll+0xe48b7]
V  [jvm.dll+0xe4c46]
V  [jvm.dll+0x1f9ae7]
V  [jvm.dll+0x22b2e4]
V  [jvm.dll+0x14d571]
C  [javaw.exe+0x20c6]
C  [javaw.exe+0xc9eb]
C  [javaw.exe+0xca7f]
C  [kernel32.dll+0x159ed]
C  [ntdll.dll+0x2c541]


---------------  P R O C E S S  ---------------

Java Threads: ( => current thread )

Other Threads:

=>0x000000000228e000 (exited) JavaThread "Unknown thread" [_thread_in_vm, id=5812, stack(0x0000000002520000,0x0000000002620000)]

VM state:not at safepoint (not fully initialized)

VM Mutex/Monitor currently owned by a thread: None

GC Heap History (0 events):
No events

Deoptimization events (0 events):
No events

Internal exceptions (0 events):
No events

Events (10 events):
Event: 0.010 loading class java/lang/CharSequence done
Event: 0.010 loading class java/lang/String done
Event: 0.010 loading class java/lang/Class
Event: 0.010 loading class java/lang/reflect/AnnotatedElement
Event: 0.010 loading class java/lang/reflect/AnnotatedElement done
Event: 0.010 loading class java/lang/reflect/GenericDeclaration
Event: 0.010 loading class java/lang/reflect/GenericDeclaration done
Event: 0.010 loading class java/lang/reflect/Type
Event: 0.010 loading class java/lang/reflect/Type done
Event: 0.011 loading class java/lang/Class done


Dynamic libraries:
0x000000013f5c0000 - 0x000000013f5f4000 	C:\Program Files\Java\jre1.8.0_25\bin\javaw.exe
0x0000000077c20000 - 0x0000000077dc9000 	C:\Windows\SYSTEM32\ntdll.dll
0x0000000077a00000 - 0x0000000077b1f000 	C:\Windows\system32\kernel32.dll
0x000007fefdb80000 - 0x000007fefdbec000 	C:\Windows\system32\KERNELBASE.dll
0x000007fefeaf0000 - 0x000007fefebcb000 	C:\Windows\system32\ADVAPI32.dll
0x000007fefe9e0000 - 0x000007fefea7f000 	C:\Windows\system32\msvcrt.dll
0x000007fefed00000 - 0x000007fefed1f000 	C:\Windows\SYSTEM32\sechost.dll
0x000007fefebd0000 - 0x000007fefecfd000 	C:\Windows\system32\RPCRT4.dll
0x0000000077b20000 - 0x0000000077c1a000 	C:\Windows\system32\USER32.dll
0x000007fefea80000 - 0x000007fefeae7000 	C:\Windows\system32\GDI32.dll
0x000007fefe200000 - 0x000007fefe20e000 	C:\Windows\system32\LPK.dll
0x000007fefdfc0000 - 0x000007fefe089000 	C:\Windows\system32\USP10.dll
0x000007fefc480000 - 0x000007fefc674000 	C:\Windows\WinSxS\amd64_microsoft.windows.common-controls_6595b64144ccf1df_6.0.7601.17514_none_fa396087175ac9ac\COMCTL32.dll
0x000007feffea0000 - 0x000007fefff11000 	C:\Windows\system32\SHLWAPI.dll
0x000007fefe130000 - 0x000007fefe15e000 	C:\Windows\system32\IMM32.DLL
0x000007fefde30000 - 0x000007fefdf39000 	C:\Windows\system32\MSCTF.dll
0x000000006c710000 - 0x000000006c7e2000 	C:\Program Files\Java\jre1.8.0_25\bin\msvcr100.dll
0x0000000071880000 - 0x00000000720da000 	C:\Program Files\Java\jre1.8.0_25\bin\server\jvm.dll
0x000007fef90c0000 - 0x000007fef90c9000 	C:\Windows\system32\WSOCK32.dll
0x000007fefe580000 - 0x000007fefe5cd000 	C:\Windows\system32\WS2_32.dll
0x000007fefff20000 - 0x000007fefff28000 	C:\Windows\system32\NSI.dll
0x000007fef9080000 - 0x000007fef90bb000 	C:\Windows\system32\WINMM.dll
0x0000000077de0000 - 0x0000000077de7000 	C:\Windows\system32\PSAPI.DLL
0x00000000729d0000 - 0x00000000729df000 	C:\Program Files\Java\jre1.8.0_25\bin\verify.dll
0x0000000072570000 - 0x0000000072598000 	C:\Program Files\Java\jre1.8.0_25\bin\java.dll
0x0000000072550000 - 0x0000000072566000 	C:\Program Files\Java\jre1.8.0_25\bin\zip.dll
0x000007fef1d90000 - 0x000007fef1eb5000 	C:\Windows\system32\dbghelp.dll

VM Arguments:
jvm_args: -ea -Dfile.encoding=UTF-8 -Xbootclasspath:C:\Users\Laca\Desktop\adt-bundle-windows-x86_64-20140702\sdk\platforms\android-20\android.jar 
java_command: org.testng.remote.RemoteTestNG -serport 60925 -d D:\Laci\_Dev\Android\DroidOdds\test-output C:\Users\Laca\AppData\Local\Temp\testng-eclipse-733292112\testng-customsuite.xml
java_class_path (initial): /C:/Users/Laca/Desktop/adt-bundle-windows-x86_64-20140702/eclipse/plugins/org.testng.eclipse_6.8.6.20141201_2240/lib/testng.jar;D:\Laci\_Dev\Android\DroidOdds\bin\classes;D:\Laci\_Dev\Android\DroidOdds\libs\android-support-v4.jar;D:\Laci\_Dev\Android\DroidOdds\libs\commons-lang3-3.3.2.jar;D:\Laci\_Dev\Android\DroidOdds\libs\StartAppInApp-2.4.8.jar;D:\Laci\_Dev\Android\DroidOdds\libs\guava-18.0.jar;D:\Laci\_Dev\Android\DroidOdds\libs\roboblender-3.0.jar;D:\Laci\_Dev\Android\DroidOdds\libs\jsr305-1.3.9.jar;D:\Laci\_Dev\Android\DroidOdds\libs\roboguice-3.0.jar;C:\Users\Laca\Desktop\adt-bundle-windows-x86_64-20140702\eclipse\plugins\org.junit_4.10.0.v4_10_0_v20120426-0900\junit.jar;C:\Users\Laca\Desktop\adt-bundle-windows-x86_64-20140702\eclipse\plugins\org.hamcrest.core_1.1.0.v20090501071000.jar
Launcher Type: SUN_STANDARD

Environment Variables:
JAVA_HOME=C:\Java\jdk1.8.0_05\
CLASSPATH=C:\Program Files (x86)\Borland\InterBase\InterClient\interclient.jar
PATH=C:/Program Files/Java/jre1.8.0_25/bin/server;C:/Program Files/Java/jre1.8.0_25/bin;C:/Program Files/Java/jre1.8.0_25/lib/amd64;C:\Windows\System32;C:\ProgramData\Oracle\Java\javapath;C:\Program Files (x86)\CollabNet;C:\Program Files (x86)\Embarcadero\Studio\14.0\bin;C:\Users\Public\Documents\Embarcadero\Studio\14.0\Bpl;C:\Program Files (x86)\Embarcadero\Studio\14.0\bin64;C:\Users\Public\Documents\Embarcadero\Studio\14.0\Bpl\Win64;D:\apache-maven-3.2.2\bin;C:\Program Files (x86)\Git\cmd;C:\Users\Laca\Desktop\adt-bundle-windows-x86_64-20140702\eclipse;
USERNAME=Laca
OS=Windows_NT
PROCESSOR_IDENTIFIER=AMD64 Family 16 Model 4 Stepping 3, AuthenticAMD



---------------  S Y S T E M  ---------------

OS: Windows 7 , 64 bit Build 7601 Service Pack 1

CPU:total 4 (4 cores per cpu, 1 threads per core) family 16 model 4 stepping 3, cmov, cx8, fxsr, mmx, sse, sse2, sse3, popcnt, mmxext, 3dnowpref, lzcnt, sse4a, tsc, tscinvbit, tscinv

Memory: 4k page, physical 7863540k(3040124k free), swap 15725220k(10839080k free)

vm_info: Java HotSpot(TM) 64-Bit Server VM (25.25-b02) for windows-amd64 JRE (1.8.0_25-b18), built on Oct  7 2014 14:25:37 by "java_re" with MS VC++ 10.0 (VS2010)

time: Mon Jan 19 23:55:49 2015
elapsed time: 0 seconds (0d 0h 0m 0s)

